Determining if the pthread_create exist failed with the following output:
Change Dir: /home/k9/catkin_ws/build/CMakeFiles/CMakeTmp

Run Build Command:"/usr/bin/make" "cmTC_71eb1/fast"
/usr/bin/make -f CMakeFiles/cmTC_71eb1.dir/build.make CMakeFiles/cmTC_71eb1.dir/build
make[1]: Entering directory '/home/k9/catkin_ws/build/CMakeFiles/CMakeTmp'
Building C object CMakeFiles/cmTC_71eb1.dir/CheckSymbolExists.c.o
/usr/bin/cc    -o CMakeFiles/cmTC_71eb1.dir/CheckSymbolExists.c.o   -c /home/k9/catkin_ws/build/CMakeFiles/CMakeTmp/CheckSymbolExists.c
Linking C executable cmTC_71eb1
/usr/bin/cmake -E cmake_link_script CMakeFiles/cmTC_71eb1.dir/link.txt --verbose=1
/usr/bin/cc      -rdynamic CMakeFiles/cmTC_71eb1.dir/CheckSymbolExists.c.o  -o cmTC_71eb1 
CMakeFiles/cmTC_71eb1.dir/CheckSymbolExists.c.o: In function `main':
CheckSymbolExists.c:(.text+0x1b): undefined reference to `pthread_create'
collect2: error: ld returned 1 exit status
CMakeFiles/cmTC_71eb1.dir/build.make:97: recipe for target 'cmTC_71eb1' failed
make[1]: *** [cmTC_71eb1] Error 1
make[1]: Leaving directory '/home/k9/catkin_ws/build/CMakeFiles/CMakeTmp'
Makefile:126: recipe for target 'cmTC_71eb1/fast' failed
make: *** [cmTC_71eb1/fast] Error 2

File /home/k9/catkin_ws/build/CMakeFiles/CMakeTmp/CheckSymbolExists.c:
/* */
#include <pthread.h>

int main(int argc, char** argv)
{
  (void)argv;
#ifndef pthread_create
  return ((int*)(&pthread_create))[argc];
#else
  (void)argc;
  return 0;
#endif
}

Determining if the function pthread_create exists in the pthreads failed with the following output:
Change Dir: /home/k9/catkin_ws/build/CMakeFiles/CMakeTmp

Run Build Command:"/usr/bin/make" "cmTC_109dc/fast"
/usr/bin/make -f CMakeFiles/cmTC_109dc.dir/build.make CMakeFiles/cmTC_109dc.dir/build
make[1]: Entering directory '/home/k9/catkin_ws/build/CMakeFiles/CMakeTmp'
Building C object CMakeFiles/cmTC_109dc.dir/CheckFunctionExists.c.o
/usr/bin/cc   -DCHECK_FUNCTION_EXISTS=pthread_create   -o CMakeFiles/cmTC_109dc.dir/CheckFunctionExists.c.o   -c /usr/share/cmake-3.10/Modules/CheckFunctionExists.c
Linking C executable cmTC_109dc
/usr/bin/cmake -E cmake_link_script CMakeFiles/cmTC_109dc.dir/link.txt --verbose=1
/usr/bin/cc  -DCHECK_FUNCTION_EXISTS=pthread_create    -rdynamic CMakeFiles/cmTC_109dc.dir/CheckFunctionExists.c.o  -o cmTC_109dc -lpthreads 
/usr/bin/ld: cannot find -lpthreads
collect2: error: ld returned 1 exit status
CMakeFiles/cmTC_109dc.dir/build.make:97: recipe for target 'cmTC_109dc' failed
make[1]: *** [cmTC_109dc] Error 1
make[1]: Leaving directory '/home/k9/catkin_ws/build/CMakeFiles/CMakeTmp'
Makefile:126: recipe for target 'cmTC_109dc/fast' failed
make: *** [cmTC_109dc/fast] Error 2


